<?xml version="1.0" encoding="UTF-8"?>
<!-- Generated by org.testng.reporters.JUnitReportReporter -->
<testsuite hostname="LAPTOP-OBGOJM87" failures="0" tests="1" name="com.actitime.TestScript.DemoHello" time="0.018" errors="0" timestamp="2023-07-29T16:34:09 IST" skipped="0">
  <testcase classname="com.actitime.TestScript.DemoHello" name="testHelloworld" time="0.018"/>
  <system-out>
    <![CDATA[---------Hello Bangalore----------]]>
  </system-out>
</testsuite> <!-- com.actitime.TestScript.DemoHello -->
